<?xml version="1.0" encoding="UTF-8"?>
<!-- Generated by org.testng.reporters.JUnitXMLReporter -->
<testsuite ignored="0" hostname="Ashok" failures="2" tests="2" name="Test" time="0.035" errors="0" timestamp="2022-02-18T14:25:41 IST">
  <testcase classname="com.eBay.Register.RegisterTest" name="test1" time="0.007">
    <failure type="java.lang.Error" message="Unresolved compilation problems: 
	wlib cannot be resolved
	wlib cannot be resolved
">
      <![CDATA[java.lang.Error: Unresolved compilation problems: 
wlib cannot be resolved
wlib cannot be resolved

at com.eBay.Register.RegisterTest.test1(RegisterTest.java:20)
at java.base/java.util.ArrayList.forEach(ArrayList.java:1511)
... Removed 27 stack frames]]>
    </failure>
  </testcase> <!-- test1 -->
  <testcase classname="com.eBay.Register.RegisterTest" name="test1" time="0.02">
    <failure type="java.lang.NullPointerException" message="Cannot invoke &amp;quot;org.openqa.selenium.TakesScreenshot.getScreenshotAs(org.openqa.selenium.OutputType)&amp;quot; because &amp;quot;ts&amp;quot; is null">
      <![CDATA[java.lang.NullPointerException: Cannot invoke "org.openqa.selenium.TakesScreenshot.getScreenshotAs(org.openqa.selenium.OutputType)" because "ts" is null
at com.eBay.genricLib.WebdriverCommonLib.getFullPageScreenshot(WebdriverCommonLib.java:62)
at com.eBay.genricLib.MyListeners.onTestFailure(MyListeners.java:25)
at java.base/java.util.ArrayList.forEach(ArrayList.java:1511)
... Removed 24 stack frames]]>
    </failure>
  </testcase> <!-- test1 -->
</testsuite> <!-- Test -->
