<?xml version="1.0" encoding="UTF-8"?>
<testng-results ignored="0" total="1" passed="1" failed="0" skipped="0">
  <reporter-output>
    <line>
      <![CDATA[Test Method Is Started ]]>
    </line>
    <line>
      <![CDATA[test1 Method Is  Started ]]>
    </line>
    <line>
      <![CDATA[test1 Method Is Passed ]]>
    </line>
  </reporter-output>
  <suite started-at="2022-02-18T14:24:22 IST" name="Suite" finished-at="2022-02-18T14:24:34 IST" duration-ms="12379">
    <groups>
    </groups>
    <test started-at="2022-02-18T14:24:22 IST" name="Test" finished-at="2022-02-18T14:24:34 IST" duration-ms="12379">
      <class name="com.eBay.Register.RegisterTest">
        <test-method signature="test1()[pri:0, instance:com.eBay.Register.RegisterTest@10feca44]" started-at="2022-02-18T14:24:22 IST" name="test1" finished-at="2022-02-18T14:24:34 IST" duration-ms="12350" status="PASS">
          <reporter-output>
            <line>
              <![CDATA[test1 Method Is  Started ]]>
            </line>
            <line>
              <![CDATA[test1 Method Is Passed ]]>
            </line>
          </reporter-output>
        </test-method> <!-- test1 -->
      </class> <!-- com.eBay.Register.RegisterTest -->
    </test> <!-- Test -->
  </suite> <!-- Suite -->
</testng-results>
